2014-02-28 16:06:48,003 - sauce_connect:554 - INFO - / Starting \
2014-02-28 16:06:48,006 - sauce_connect:555 - INFO - Please wait for "You may start your tests" to start your tests.
2014-02-28 16:06:48,012 - sauce_connect:567 - DEBUG - System is -4.0 hours off UTC
2014-02-28 16:06:48,013 - sauce_connect:569 - DEBUG - options: {'user': 'scalixte', 'ports': ['54278'], 'domains': ['sauce-connect.proxy'], 'debug_ssh': False, 'tunnel_ports': ['80'], 'allow_unclean_exit': False, 'rest_url': 'https://saucelabs.com/rest/v1', 'logfile': 'sauce_connect.log', 'squid_opts': '', 'boost_mode': True, 'tunnel_identifier': '', 'fast_fail_regexps': '', 'quiet': False, 'latency_log': 150, 'use_ssh_config': False, 'ssh': False, 'se_port': '4445', 'readyfile': 'sauce_connect.ready', 'shared_tunnel': False, 'ssh_port': 443, 'direct_domains': '', 'host': '127.0.0.1'}
2014-02-28 16:06:48,015 - sauce_connect:570 - DEBUG - metadata: {'PythonVersion': '2.5.1', 'OwnerHost': '127.0.0.1', 'Release': '3.0-r25', 'OwnerPorts': ['54278'], 'Ports': ['80'], 'Platform': 'Java-1.7.0_51-Java_HotSpot-TM-_64-Bit_Server_VM,_24.51-b03,_Oracle_Corporation-on-Mac_OS_X-10.9.2-x86_64', 'Build': '38', 'ScriptRelease': 38, 'ScriptName': 'sauce_connect'}
2014-02-28 16:06:48,016 - sauce_connect:572 - INFO - Forwarding: ['sauce-connect.proxy']:['80'] -> 127.0.0.1:['54278']
2014-02-28 16:06:48,042 - sauce_connect:371 - INFO - Succesfully connected to local server 127.0.0.1:54278 in 21ms
2014-02-28 16:06:48,390 - sauce_connect:234 - INFO - {"squid_config":null,"use_caching_proxy":true,"metadata":{"PythonVersion":"2.5.1","OwnerHost":"127.0.0.1","Release":"3.0-r25","OwnerPorts":["54278"],"Ports":["80"],"Platform":"Java-1.7.0_51-Java_HotSpot-TM-_64-Bit_Server_VM,_24.51-b03,_Oracle_Corporation-on-Mac_OS_X-10.9.2-x86_64","Build":"38","ScriptRelease":38,"ScriptName":"sauce_connect"},"use_kgp":true,"tunnel_identifier":"","shared_tunnel":false,"fast_fail_regexps":null,"ssh_port":443,"direct_domains":null,"domain_names":["sauce-connect.proxy"]}
2014-02-28 16:06:52,184 - sauce_connect:246 - INFO - Tunnel remote VM is provisioned (3473373e859d4d81a48498eef2de2f9e)
2014-02-28 16:06:52,387 - sauce_connect:264 - INFO - Tunnel remote VM is booting ..
2014-02-28 16:07:05,391 - sauce_connect:268 - INFO - Tunnel remote VM is running at maki77123.miso.saucelabs.com
2014-02-28 16:07:05,401 - sauce_connect:371 - INFO - Succesfully connected to local server 127.0.0.1:54278 in 0ms
2014-02-28 16:07:05,404 - sauce_connect:642 - INFO - Starting connection to tunnel host...
2014-02-28 16:07:05,405 - sauce_connect:642 - INFO - Connecting to tunnel host maki77123.miso.saucelabs.com as scalixte
2014-02-28 16:07:05,565 - sauce_connect:642 - INFO - Forwarding Selenium with ephemeral port 54282
2014-02-28 16:07:05,569 - sauce_connect:642 - INFO - Selenium HTTP proxy listening on port 4445
2014-02-28 16:07:05,963 - sauce_connect:0 - INFO - Successful handshake with Sauce Connect server
2014-02-28 16:07:06,033 - sauce_connect:0 - INFO - Tunnel host version: 0.1.0, remote endpoint ID: 8904ea4797574bf6925eb30de2220ec6
2014-02-28 16:07:06,036 - sauce_connect:642 - INFO - Connected! You may start your tests.
2014-02-28 16:07:12,164 - sauce_connect:0 - INFO - GET http://en.wikipedia.org/ -> 301 (551ms)
2014-02-28 16:07:12,328 - sauce_connect:0 - INFO - GET http://en.wikipedia.org/wiki/Main_Page -> 200 (84ms)
2014-02-28 16:07:12,996 - sauce_connect:0 - INFO - GET http://bits.wikimedia.org/en.wikipedia.org/load.php?debug=false&lang=en&modules=site&only=styles&skin=vector&* -> 200 (501ms)
2014-02-28 16:07:13,000 - sauce_connect:0 - INFO - GET http://bits.wikimedia.org/geoiplookup -> 200 (505ms)
2014-02-28 16:07:13,039 - sauce_connect:0 - INFO - GET http://bits.wikimedia.org/en.wikipedia.org/load.php?debug=false&lang=en&modules=startup&only=scripts&skin=vector&* -> 200 (546ms)
2014-02-28 16:07:13,040 - sauce_connect:0 - INFO - GET http://bits.wikimedia.org/en.wikipedia.org/load.php?debug=false&lang=en&modules=ext.gadget.DRN-wizard%2CReferenceTooltips%2Ccharinsert%2Cteahouse%7Cext.uls.nojs%7Cext.visualEditor.viewPageTarget.noscript%7Cext.wikihiero%7Cmediawiki.legacy.commonPrint%2Cshared%7Cskins.common.interface%7Cskins.vector.styles&only=styles&skin=vector&* -> 200 (619ms)
2014-02-28 16:07:13,605 - sauce_connect:0 - INFO - GET http://bits.wikimedia.org/en.wikipedia.org/load.php?debug=false&lang=en&modules=jquery%2Cmediawiki%2CSpinner%7Cjquery.triggerQueueCallback%2CloadingSpinner%2CmwEmbedUtil%7Cmw.MwEmbedSupport&only=scripts&skin=vector&version=20140228T031821Z -> 200 (132ms)
2014-02-28 16:07:13,868 - sauce_connect:0 - INFO - GET http://bits.wikimedia.org/en.wikipedia.org/load.php?debug=false&lang=en&modules=ext.centralNotice.bannerController%7Cext.centralauth.centralautologin%7Cext.uls.init%2Cinterface%2Cpreferences%2Cwebfonts%7Cext.visualEditor.viewPageTarget.init%7Cjquery.byteLength%2Cclient%2Ccookie%2CdelayedBind%2Cjson%2CmwExtension%2Ctipsy%7Cmediawiki.Title%2CUri%2Capi%2Ccldr%2CjqueryMsg%2Clanguage%2Cnotify%2Ctoc%2Cuser%2Cutil%7Cmediawiki.language.data%2Cinit%7Cmediawiki.legacy.ajax%2Cwikibits%7Cmediawiki.libs.pluralruleparser%7Cmediawiki.page.startup%7Cskins.vector.js%7Cwikibase.client.init&skin=vector&version=20140228T105424Z&* -> 200 (85ms)
2014-02-28 16:07:13,900 - sauce_connect:0 - INFO - GET http://bits.wikimedia.org/en.wikipedia.org/load.php?debug=false&lang=en&modules=site&only=scripts&skin=vector&* -> 200 (42ms)
2014-02-28 16:07:13,944 - sauce_connect:0 - INFO - GET http://upload.wikimedia.org/wikipedia/commons/thumb/a/a7/Griffitts-house-greenback-tn1-cropped.jpg/100px-Griffitts-house-greenback-tn1-cropped.jpg -> 200 (544ms)
2014-02-28 16:07:13,947 - sauce_connect:0 - INFO - GET http://upload.wikimedia.org/wikipedia/commons/thumb/e/e6/Sir_CV_Raman.JPG/71px-Sir_CV_Raman.JPG -> 200 (475ms)
2014-02-28 16:07:13,947 - sauce_connect:0 - INFO - GET http://upload.wikimedia.org/wikipedia/en/thumb/d/d3/Oleksandr_Turchynov_2012_local.jpg/76px-Oleksandr_Turchynov_2012_local.jpg -> 200 (546ms)
2014-02-28 16:07:13,947 - sauce_connect:0 - INFO - GET http://upload.wikimedia.org/wikipedia/commons/thumb/e/e9/Feltwell_St_Nicholas_Church_-_geograph.org.uk_-_376393.jpg/125px-Feltwell_St_Nicholas_Church_-_geograph.org.uk_-_376393.jpg -> 200 (476ms)
2014-02-28 16:07:13,948 - sauce_connect:0 - INFO - GET http://upload.wikimedia.org/wikipedia/commons/thumb/0/0a/Starfish%2C_Mauritius.jpg/133px-Starfish%2C_Mauritius.jpg -> 200 (548ms)
2014-02-28 16:07:13,986 - sauce_connect:0 - INFO - GET http://upload.wikimedia.org/wikipedia/commons/thumb/3/38/Wes_Brady%2C_ex-slave%2C_Marshall_edited.jpg/280px-Wes_Brady%2C_ex-slave%2C_Marshall_edited.jpg -> 200 (514ms)
2014-02-28 16:07:14,180 - sauce_connect:0 - INFO - GET http://upload.wikimedia.org/wikipedia/en/9/9d/Commons-logo-31px.png -> 200 (43ms)
2014-02-28 16:07:14,233 - sauce_connect:0 - INFO - GET http://upload.wikimedia.org/wikipedia/commons/thumb/3/3d/Mediawiki-logo.png/35px-Mediawiki-logo.png -> 200 (43ms)
2014-02-28 16:07:14,252 - sauce_connect:0 - INFO - GET http://upload.wikimedia.org/wikipedia/en/b/bc/Meta-logo-35px.png -> 200 (42ms)
2014-02-28 16:07:14,253 - sauce_connect:0 - INFO - GET http://upload.wikimedia.org/wikipedia/en/7/7f/Wikibooks-logo-35px.png -> 200 (43ms)
2014-02-28 16:07:14,302 - sauce_connect:0 - INFO - GET http://upload.wikimedia.org/wikipedia/commons/thumb/f/ff/Wikidata-logo.svg/47px-Wikidata-logo.svg.png -> 200 (42ms)
2014-02-28 16:07:14,302 - sauce_connect:0 - INFO - GET http://upload.wikimedia.org/wikipedia/en/6/60/Wikinews-logo-51px.png -> 200 (42ms)
2014-02-28 16:07:14,325 - sauce_connect:0 - INFO - GET http://login.wikimedia.org/wiki/Special:CentralAutoLogin/checkLoggedIn?type=script&wikiid=enwiki&proto=http -> 200 (135ms)
2014-02-28 16:07:14,325 - sauce_connect:0 - INFO - GET http://upload.wikimedia.org/wikipedia/en/b/bf/Wikispecies-logo-35px.png -> 200 (42ms)
2014-02-28 16:07:14,380 - sauce_connect:0 - INFO - GET http://upload.wikimedia.org/wikipedia/en/thumb/d/dd/Wikivoyage-Logo-v3-icon.svg/35px-Wikivoyage-Logo-v3-icon.svg.png -> 200 (43ms)
2014-02-28 16:07:14,381 - sauce_connect:0 - INFO - GET http://upload.wikimedia.org/wikipedia/en/e/e3/Wikiversity-logo-41px.png -> 200 (43ms)
2014-02-28 16:07:14,398 - sauce_connect:0 - INFO - GET http://upload.wikimedia.org/wikipedia/en/f/f2/Wiktionary-logo-51px.png -> 200 (42ms)
2014-02-28 16:07:14,398 - sauce_connect:0 - INFO - GET http://bits.wikimedia.org/images/wikimedia-button.png -> 200 (42ms)
2014-02-28 16:07:14,448 - sauce_connect:0 - INFO - GET http://upload.wikimedia.org/wikipedia/en/4/46/Wikiquote-logo-51px.png -> 200 (41ms)
2014-02-28 16:07:14,453 - sauce_connect:0 - INFO - GET http://bits.wikimedia.org/static-1.23wmf15/skins/common/images/poweredby_mediawiki_88x31.png -> 200 (45ms)
2014-02-28 16:07:14,470 - sauce_connect:0 - INFO - GET http://upload.wikimedia.org/wikipedia/en/b/bc/Wiki.png -> 200 (83ms)
2014-02-28 16:07:14,473 - sauce_connect:0 - INFO - GET http://upload.wikimedia.org/wikipedia/en/b/b6/Wikisource-logo-35px.png -> 200 (41ms)
2014-02-28 16:07:14,516 - sauce_connect:0 - INFO - GET http://bits.wikimedia.org/en.wikipedia.org/load.php?debug=false&lang=en&modules=ext.articleFeedbackv5.startup%7Cext.eventLogging%2CnavigationTiming%7Cext.gadget.DRN-wizard%2CReferenceTooltips%2Ccharinsert%2Cteahouse%7Cext.uls.eventlogger%2Cinterlanguage%7Cext.wikimediaShopLink.core%7Cjquery.articleFeedbackv5.utils%7Cjquery.autoEllipsis%2CcheckboxShiftClick%2Chidpi%2ChighlightText%2CmakeCollapsible%2Cmw-jump%2Cplaceholder%2Csuggestions%2CtabIndex%7Cmediawiki.action.view.postEdit%7Cmediawiki.hidpi%2CsearchSuggest%7Cmediawiki.page.ready%7Cmobile.desktop%7Cmw.MwEmbedSupport.style%7Cschema.NavigationTiming%2CUniversalLanguageSelector%7Cskins.vector.collapsibleNav&skin=vector&version=20140228T031821Z&* -> 200 (84ms)
2014-02-28 16:07:14,923 - sauce_connect:0 - INFO - GET http://geoiplookup.wikimedia.org/ -> 200 (536ms)
2014-02-28 16:07:15,092 - sauce_connect:0 - INFO - GET http://meta.wikimedia.org/wiki/Special:BannerRandom?uselang=en&sitename=Wikipedia&project=wikipedia&anonymous=true&bucket=1&country=XX&device=desktop&slot=28 -> 200 (83ms)
2014-02-28 16:07:15,125 - sauce_connect:0 - INFO - GET http://en.wikipedia.org/w/opensearch_desc.php -> 200 (44ms)
2014-02-28 16:07:15,164 - sauce_connect:0 - INFO - GET http://bits.wikimedia.org/favicon/wikipedia.ico -> 200 (81ms)
2014-02-28 16:07:15,217 - sauce_connect:0 - INFO - GET http://upload.wikimedia.org/wikipedia/foundation/2/20/CloseWindow19x19.png -> 200 (41ms)
2014-02-28 16:07:15,223 - sauce_connect:0 - INFO - GET http://upload.wikimedia.org/wikipedia/commons/0/0d/Gray-gradient1.png -> 200 (43ms)
2014-02-28 16:07:15,223 - sauce_connect:0 - INFO - GET http://meta.wikimedia.org/wiki/Special:RecordImpression?banner=ChangeToU2014_v1_anononly&campaign=ToUAmendment&result=show&country=XX&uselang=en&project=wikipedia&db=enwiki&bucket=1&anonymous=true&device=desktop -> 200 (43ms)
2014-02-28 16:07:15,292 - sauce_connect:0 - INFO - GET http://upload.wikimedia.org/wikipedia/commons/thumb/1/12/Wikimedia_logo_text_RGB.svg/50px-Wikimedia_logo_text_RGB.svg.png -> 200 (42ms)
2014-02-28 16:07:16,427 - sauce_connect:0 - INFO - GET http://bits.wikimedia.org/en.wikipedia.org/load.php?debug=false&lang=en&modules=ext.uls.i18n%2Cime%2Clanguagenames%2Cmediawiki%2Cmessages%7Cjquery.i18n%2Cime%2Culs%7Cjquery.uls.data%2Cgrid&skin=vector&version=20140228T031820Z&* -> 200 (167ms)
2014-02-28 16:07:16,490 - sauce_connect:0 - INFO - GET http://en.wikipedia.org/w/api.php?action=opensearch&format=json&search=Ramen&namespace=0&suggest= -> 200 (44ms)
2014-02-28 16:07:17,013 - sauce_connect:0 - INFO - GET http://en.wikipedia.org/w/index.php?search=Ramen&title=Special%3ASearch&go=Go -> 302 (101ms)
2014-02-28 16:07:17,234 - sauce_connect:0 - INFO - GET http://en.wikipedia.org/wiki/Ramen -> 200 (124ms)
2014-02-28 16:07:17,335 - sauce_connect:0 - INFO - GET http://bits.wikimedia.org/en.wikipedia.org/load.php?debug=false&lang=en&modules=ext.gadget.DRN-wizard%2CReferenceTooltips%2Ccharinsert%2Cteahouse%7Cext.rtlcite%2Cwikihiero%7Cext.uls.nojs%7Cext.visualEditor.viewPageTarget.noscript%7Cmediawiki.legacy.commonPrint%2Cshared%7Cskins.common.interface%7Cskins.vector.styles&only=styles&skin=vector&* -> 200 (84ms)
2014-02-28 16:07:17,441 - sauce_connect:0 - INFO - GET http://en.wikipedia.org/ -> 301 (41ms)
2014-02-28 16:07:17,469 - sauce_connect:0 - INFO - GET http://upload.wikimedia.org/wikipedia/en/thumb/9/99/Question_book-new.svg/50px-Question_book-new.svg.png -> 200 (42ms)
2014-02-28 16:07:17,470 - sauce_connect:0 - INFO - GET http://upload.wikimedia.org/wikipedia/commons/thumb/d/df/Wikibooks-logo-en-noslogan.svg/20px-Wikibooks-logo-en-noslogan.svg.png -> 200 (43ms)
2014-02-28 16:07:17,512 - sauce_connect:0 - INFO - GET http://upload.wikimedia.org/wikipedia/commons/thumb/f/fc/Soy_ramen.jpg/250px-Soy_ramen.jpg -> 200 (85ms)
2014-02-28 16:07:17,516 - sauce_connect:0 - INFO - GET http://upload.wikimedia.org/wikipedia/commons/thumb/a/a8/Fresh_ramen_noodle_001.jpg/220px-Fresh_ramen_noodle_001.jpg -> 200 (42ms)
2014-02-28 16:07:17,516 - sauce_connect:0 - INFO - GET http://bits.wikimedia.org/static-1.23wmf15/skins/common/images/magnify-clip.png -> 200 (43ms)
2014-02-28 16:07:17,516 - sauce_connect:0 - INFO - GET http://upload.wikimedia.org/wikipedia/en/thumb/4/4a/Commons-logo.svg/15px-Commons-logo.svg.png -> 200 (43ms)
2014-02-28 16:07:17,558 - sauce_connect:0 - INFO - GET http://upload.wikimedia.org/wikipedia/commons/thumb/9/95/Tonkotsu_ramen.JPG/220px-Tonkotsu_ramen.JPG -> 200 (84ms)
2014-02-28 16:07:17,631 - sauce_connect:0 - INFO - GET http://en.wikipedia.org/wiki/Main_Page -> 200 (82ms)
2014-02-28 16:07:17,634 - sauce_connect:0 - INFO - GET http://upload.wikimedia.org/wikipedia/commons/thumb/a/a1/Japanese_Salt_flavor_Sapporo_Ramen.JPG/220px-Japanese_Salt_flavor_Sapporo_Ramen.JPG -> 200 (43ms)
2014-02-28 16:07:17,664 - sauce_connect:0 - INFO - GET http://upload.wikimedia.org/wikipedia/commons/thumb/6/61/Tokyoramen.jpg/150px-Tokyoramen.jpg -> 200 (42ms)
2014-02-28 16:07:17,677 - sauce_connect:0 - INFO - GET http://upload.wikimedia.org/wikipedia/commons/thumb/2/24/Misora-men2222222.jpg/220px-Misora-men2222222.jpg -> 200 (86ms)
2014-02-28 16:07:17,716 - sauce_connect:0 - INFO - GET http://upload.wikimedia.org/wikipedia/commons/thumb/d/d2/Kitakatara-men.jpg/150px-Kitakatara-men.jpg -> 200 (42ms)
2014-02-28 16:07:17,717 - sauce_connect:0 - INFO - GET http://upload.wikimedia.org/wikipedia/commons/thumb/6/65/Hakatara-men.jpg/150px-Hakatara-men.jpg -> 200 (45ms)
2014-02-28 16:07:17,739 - sauce_connect:0 - INFO - GET http://upload.wikimedia.org/wikipedia/commons/thumb/b/bd/Tsukemen.jpg/150px-Tsukemen.jpg -> 200 (42ms)
2014-02-28 16:07:17,766 - sauce_connect:0 - INFO - GET http://bits.wikimedia.org/en.wikipedia.org/load.php?debug=false&lang=en&modules=site&only=styles&skin=vector&* -> 200 (42ms)
2014-02-28 16:07:17,766 - sauce_connect:0 - INFO - GET http://bits.wikimedia.org/geoiplookup -> 200 (43ms)
2014-02-28 16:07:17,767 - sauce_connect:0 - INFO - GET http://upload.wikimedia.org/wikipedia/commons/thumb/7/76/Aburasoba.jpg/135px-Aburasoba.jpg -> 200 (43ms)
2014-02-28 16:07:17,801 - sauce_connect:0 - INFO - GET http://upload.wikimedia.org/wikipedia/commons/thumb/6/67/Takayama_ramen.jpg/150px-Takayama_ramen.jpg -> 200 (42ms)
2014-02-28 16:07:17,805 - sauce_connect:0 - INFO - GET http://bits.wikimedia.org/en.wikipedia.org/load.php?debug=false&lang=en&modules=startup&only=scripts&skin=vector&* -> 200 (82ms)
2014-02-28 16:07:17,838 - sauce_connect:0 - INFO - GET http://meta.wikimedia.org/wiki/Special:BannerRandom?uselang=en&sitename=Wikipedia&project=wikipedia&anonymous=true&bucket=1&country=XX&device=desktop&slot=20 -> 200 (41ms)
2014-02-28 16:07:17,848 - sauce_connect:0 - INFO - GET http://bits.wikimedia.org/en.wikipedia.org/load.php?debug=false&lang=en&modules=ext.gadget.DRN-wizard%2CReferenceTooltips%2Ccharinsert%2Cteahouse%7Cext.uls.nojs%7Cext.visualEditor.viewPageTarget.noscript%7Cext.wikihiero%7Cmediawiki.legacy.commonPrint%2Cshared%7Cskins.common.interface%7Cskins.vector.styles&only=styles&skin=vector&* -> 200 (125ms)
2014-02-28 16:07:17,855 - sauce_connect:0 - INFO - GET http://bits.wikimedia.org/en.wikipedia.org/load.php?debug=false&lang=en&modules=ext.articleFeedbackv5.startup%7Cext.cite%2CeventLogging%2CnavigationTiming%7Cext.gadget.DRN-wizard%2CReferenceTooltips%2Ccharinsert%2Cteahouse%7Cext.uls.eventlogger%2Cinterlanguage%7Cext.wikimediaShopLink.core%7Cjquery.articleFeedbackv5.utils%7Cjquery.autoEllipsis%2CcheckboxShiftClick%2Chidpi%2ChighlightText%2CmakeCollapsible%2Cmw-jump%2Cplaceholder%2Csuggestions%2CtabIndex%7Cmediawiki.action.view.postEdit%7Cmediawiki.hidpi%2CsearchSuggest%7Cmediawiki.page.ready%7Cmobile.desktop%7Cmw.MwEmbedSupport.style%7Cschema.NavigationTiming%2CUniversalLanguageSelector%7Cskins.vector.collapsibleNav&skin=vector&version=20140228T031821Z&* -> 200 (83ms)
2014-02-28 16:07:17,881 - sauce_connect:0 - INFO - GET http://bits.wikimedia.org/favicon/wikipedia.ico -> 200 (121ms)
2014-02-28 16:07:17,888 - sauce_connect:0 - INFO - GET http://upload.wikimedia.org/wikipedia/commons/thumb/3/38/Butter_Corn_Ramen.JPG/150px-Butter_Corn_Ramen.JPG -> 200 (43ms)
2014-02-28 16:07:17,888 - sauce_connect:0 - INFO - GET http://upload.wikimedia.org/wikipedia/commons/thumb/6/62/Zaru_ramen_Paris.jpg/150px-Zaru_ramen_Paris.jpg -> 200 (44ms)
2014-02-28 16:07:17,890 - sauce_connect:0 - INFO - GET http://upload.wikimedia.org/wikipedia/commons/thumb/1/10/Hiyashira-men.jpg/150px-Hiyashira-men.jpg -> 200 (44ms)
2014-02-28 16:07:17,891 - sauce_connect:0 - INFO - GET http://upload.wikimedia.org/wikipedia/commons/thumb/2/25/Sapporo_miso_ramen.jpg/150px-Sapporo_miso_ramen.jpg -> 200 (45ms)
2014-02-28 16:07:17,967 - sauce_connect:0 - INFO - GET http://upload.wikimedia.org/wikipedia/commons/thumb/b/b3/High_school_students_eating_Ramen.JPG/220px-High_school_students_eating_Ramen.JPG -> 200 (46ms)
2014-02-28 16:07:18,040 - sauce_connect:0 - INFO - GET http://upload.wikimedia.org/wikipedia/commons/thumb/5/58/YakyudoriRamen.jpeg/220px-YakyudoriRamen.jpeg -> 200 (44ms)
2014-02-28 16:07:18,049 - sauce_connect:0 - INFO - GET http://upload.wikimedia.org/wikipedia/commons/thumb/0/0a/Starfish%2C_Mauritius.jpg/133px-Starfish%2C_Mauritius.jpg -> 200 (42ms)
2014-02-28 16:07:18,049 - sauce_connect:0 - INFO - GET http://upload.wikimedia.org/wikipedia/commons/thumb/a/a7/Griffitts-house-greenback-tn1-cropped.jpg/100px-Griffitts-house-greenback-tn1-cropped.jpg -> 200 (42ms)
2014-02-28 16:07:18,049 - sauce_connect:0 - INFO - GET http://upload.wikimedia.org/wikipedia/en/thumb/d/d3/Oleksandr_Turchynov_2012_local.jpg/76px-Oleksandr_Turchynov_2012_local.jpg -> 200 (43ms)
2014-02-28 16:07:18,051 - sauce_connect:0 - INFO - GET http://upload.wikimedia.org/wikipedia/commons/thumb/e/e6/Sir_CV_Raman.JPG/71px-Sir_CV_Raman.JPG -> 200 (42ms)
2014-02-28 16:07:18,101 - sauce_connect:0 - INFO - GET http://upload.wikimedia.org/wikipedia/en/9/9d/Commons-logo-31px.png -> 200 (93ms)
2014-02-28 16:07:18,101 - sauce_connect:0 - INFO - GET http://upload.wikimedia.org/wikipedia/en/b/bc/Meta-logo-35px.png -> 200 (92ms)
2014-02-28 16:07:18,105 - sauce_connect:0 - INFO - GET http://upload.wikimedia.org/wikipedia/en/6/60/Wikinews-logo-51px.png -> 200 (90ms)
2014-02-28 16:07:18,105 - sauce_connect:0 - INFO - GET http://upload.wikimedia.org/wikipedia/en/4/46/Wikiquote-logo-51px.png -> 200 (91ms)
2014-02-28 16:07:18,119 - sauce_connect:0 - INFO - GET http://upload.wikimedia.org/wikipedia/en/b/bf/Wikispecies-logo-35px.png -> 200 (48ms)
2014-02-28 16:07:18,119 - sauce_connect:0 - INFO - GET http://upload.wikimedia.org/wikipedia/en/b/b6/Wikisource-logo-35px.png -> 200 (48ms)
2014-02-28 16:07:18,128 - sauce_connect:0 - INFO - GET http://bits.wikimedia.org/images/wikimedia-button.png -> 200 (49ms)
2014-02-28 16:07:18,131 - sauce_connect:0 - INFO - GET http://bits.wikimedia.org/en.wikipedia.org/load.php?debug=false&lang=en&modules=site&only=scripts&skin=vector&* -> 200 (50ms)
2014-02-28 16:07:18,174 - sauce_connect:0 - INFO - GET http://upload.wikimedia.org/wikipedia/en/e/e3/Wikiversity-logo-41px.png -> 200 (91ms)
2014-02-28 16:07:18,174 - sauce_connect:0 - INFO - GET http://upload.wikimedia.org/wikipedia/en/thumb/d/dd/Wikivoyage-Logo-v3-icon.svg/35px-Wikivoyage-Logo-v3-icon.svg.png -> 200 (92ms)
2014-02-28 16:07:18,187 - sauce_connect:0 - INFO - GET http://upload.wikimedia.org/wikipedia/en/thumb/4/4a/Commons-logo.svg/18px-Commons-logo.svg.png -> 200 (41ms)
2014-02-28 16:07:18,187 - sauce_connect:0 - INFO - GET http://bits.wikimedia.org/images/wikimedia-button.png -> 200 (42ms)
2014-02-28 16:07:18,187 - sauce_connect:0 - INFO - GET http://upload.wikimedia.org/wikipedia/commons/thumb/f/fa/Wikibooks-logo.svg/25px-Wikibooks-logo.svg.png -> 200 (42ms)
2014-02-28 16:07:18,230 - sauce_connect:0 - INFO - GET http://en.wikipedia.org/wiki/Main_Page -> 200 (84ms)
2014-02-28 16:07:18,259 - sauce_connect:0 - INFO - GET http://upload.wikimedia.org/wikipedia/commons/thumb/f/ff/Wikidata-logo.svg/25px-Wikidata-logo.svg.png -> 200 (41ms)
2014-02-28 16:07:18,296 - sauce_connect:0 - INFO - GET http://upload.wikimedia.org/wikipedia/commons/thumb/6/68/Ramen_Noodles_by_David_Shankbone.jpg/220px-Ramen_Noodles_by_David_Shankbone.jpg -> 200 (214ms)
2014-02-28 16:07:18,315 - sauce_connect:0 - INFO - GET http://meta.wikimedia.org/wiki/Special:RecordImpression?banner=ChangeToU2014_v1_anononly&campaign=ToUAmendment&result=show&country=XX&uselang=en&project=wikipedia&db=enwiki&bucket=1&anonymous=true&device=desktop -> 200 (43ms)
2014-02-28 16:07:18,332 - sauce_connect:0 - INFO - GET http://upload.wikimedia.org/wikipedia/commons/thumb/f/ff/Wikidata-logo.svg/47px-Wikidata-logo.svg.png -> 200 (320ms)
2014-02-28 16:07:18,332 - sauce_connect:0 - INFO - GET http://upload.wikimedia.org/wikipedia/commons/d/d4/Monobook-bullet-star.png -> 200 (43ms)
2014-02-28 16:07:18,334 - sauce_connect:0 - INFO - GET http://upload.wikimedia.org/wikipedia/commons/thumb/0/0a/Starfish%2C_Mauritius.jpg/133px-Starfish%2C_Mauritius.jpg -> 200 (44ms)
2014-02-28 16:07:18,335 - sauce_connect:0 - INFO - GET http://bits.wikimedia.org/geoiplookup -> 200 (44ms)
2014-02-28 16:07:18,335 - sauce_connect:0 - INFO - GET http://upload.wikimedia.org/wikipedia/commons/thumb/a/a7/Griffitts-house-greenback-tn1-cropped.jpg/100px-Griffitts-house-greenback-tn1-cropped.jpg -> 200 (43ms)
2014-02-28 16:07:18,335 - sauce_connect:0 - INFO - GET http://upload.wikimedia.org/wikipedia/en/thumb/d/d3/Oleksandr_Turchynov_2012_local.jpg/76px-Oleksandr_Turchynov_2012_local.jpg -> 200 (44ms)
2014-02-28 16:07:18,338 - sauce_connect:0 - INFO - GET http://upload.wikimedia.org/wikipedia/en/b/bc/Meta-logo-35px.png -> 200 (43ms)
2014-02-28 16:07:18,355 - sauce_connect:0 - INFO - GET http://upload.wikimedia.org/wikipedia/en/b/bc/Wiki.png -> 200 (82ms)
2014-02-28 16:07:18,378 - sauce_connect:0 - INFO - GET http://upload.wikimedia.org/wikipedia/commons/thumb/e/e9/Feltwell_St_Nicholas_Church_-_geograph.org.uk_-_376393.jpg/125px-Feltwell_St_Nicholas_Church_-_geograph.org.uk_-_376393.jpg -> 200 (85ms)
2014-02-28 16:07:18,380 - sauce_connect:0 - INFO - GET http://upload.wikimedia.org/wikipedia/en/7/7f/Wikibooks-logo-35px.png -> 200 (85ms)
2014-02-28 16:07:18,381 - sauce_connect:0 - INFO - GET http://upload.wikimedia.org/wikipedia/commons/thumb/3/3d/Mediawiki-logo.png/35px-Mediawiki-logo.png -> 200 (87ms)
2014-02-28 16:07:18,381 - sauce_connect:0 - INFO - GET http://upload.wikimedia.org/wikipedia/en/9/9d/Commons-logo-31px.png -> 200 (88ms)
2014-02-28 16:07:18,384 - sauce_connect:0 - INFO - GET http://upload.wikimedia.org/wikipedia/commons/thumb/e/e6/Sir_CV_Raman.JPG/71px-Sir_CV_Raman.JPG -> 200 (90ms)
2014-02-28 16:07:18,408 - sauce_connect:0 - INFO - GET http://upload.wikimedia.org/wikipedia/commons/thumb/f/ff/Wikidata-logo.svg/47px-Wikidata-logo.svg.png -> 200 (40ms)
2014-02-28 16:07:18,431 - sauce_connect:0 - INFO - GET http://upload.wikimedia.org/wikipedia/commons/thumb/3/38/Wes_Brady%2C_ex-slave%2C_Marshall_edited.jpg/280px-Wes_Brady%2C_ex-slave%2C_Marshall_edited.jpg -> 200 (138ms)
2014-02-28 16:07:18,431 - sauce_connect:0 - INFO - GET http://upload.wikimedia.org/wikipedia/commons/thumb/3/3d/Mediawiki-logo.png/35px-Mediawiki-logo.png -> 200 (422ms)
2014-02-28 16:07:18,457 - sauce_connect:0 - INFO - GET http://upload.wikimedia.org/wikipedia/foundation/2/20/CloseWindow19x19.png -> 200 (42ms)
2014-02-28 16:07:18,457 - sauce_connect:0 - INFO - GET http://upload.wikimedia.org/wikipedia/commons/0/0d/Gray-gradient1.png -> 200 (41ms)
2014-02-28 16:07:18,480 - sauce_connect:0 - INFO - GET http://upload.wikimedia.org/wikipedia/en/6/60/Wikinews-logo-51px.png -> 200 (48ms)
2014-02-28 16:07:18,480 - sauce_connect:0 - INFO - GET http://upload.wikimedia.org/wikipedia/en/4/46/Wikiquote-logo-51px.png -> 200 (47ms)
2014-02-28 16:07:18,483 - sauce_connect:0 - INFO - GET http://upload.wikimedia.org/wikipedia/en/b/b6/Wikisource-logo-35px.png -> 200 (41ms)
2014-02-28 16:07:18,500 - sauce_connect:0 - INFO - GET http://upload.wikimedia.org/wikipedia/en/e/e3/Wikiversity-logo-41px.png -> 200 (41ms)
2014-02-28 16:07:18,500 - sauce_connect:0 - INFO - GET http://upload.wikimedia.org/wikipedia/en/b/bf/Wikispecies-logo-35px.png -> 200 (42ms)
2014-02-28 16:07:18,510 - sauce_connect:0 - INFO - GET http://upload.wikimedia.org/wikipedia/en/thumb/d/dd/Wikivoyage-Logo-v3-icon.svg/35px-Wikivoyage-Logo-v3-icon.svg.png -> 200 (42ms)
2014-02-28 16:07:18,522 - sauce_connect:0 - INFO - GET http://upload.wikimedia.org/wikipedia/commons/thumb/1/12/Wikimedia_logo_text_RGB.svg/50px-Wikimedia_logo_text_RGB.svg.png -> 200 (89ms)
2014-02-28 16:07:18,615 - sauce_connect:0 - INFO - GET http://upload.wikimedia.org/wikipedia/en/7/7f/Wikibooks-logo-35px.png -> 200 (602ms)
2014-02-28 16:07:18,615 - sauce_connect:0 - INFO - GET http://upload.wikimedia.org/wikipedia/en/f/f2/Wiktionary-logo-51px.png -> 200 (146ms)
2014-02-28 16:07:18,615 - sauce_connect:0 - INFO - GET http://upload.wikimedia.org/wikipedia/commons/thumb/d/d6/Foodlogo2.svg/32px-Foodlogo2.svg.png -> 200 (534ms)
2014-02-28 16:07:18,615 - sauce_connect:0 - INFO - GET http://upload.wikimedia.org/wikipedia/commons/thumb/f/f8/Wiktionary-logo-en.svg/23px-Wiktionary-logo-en.svg.png -> 200 (535ms)
2014-02-28 16:07:18,617 - sauce_connect:0 - INFO - GET http://bits.wikimedia.org/images/wikimedia-button.png -> 200 (100ms)
2014-02-28 16:07:18,658 - sauce_connect:0 - INFO - GET http://upload.wikimedia.org/wikipedia/commons/thumb/3/38/Wes_Brady%2C_ex-slave%2C_Marshall_edited.jpg/280px-Wes_Brady%2C_ex-slave%2C_Marshall_edited.jpg -> 200 (651ms)
2014-02-28 16:07:18,658 - sauce_connect:0 - INFO - GET http://upload.wikimedia.org/wikipedia/commons/thumb/e/e9/Feltwell_St_Nicholas_Church_-_geograph.org.uk_-_376393.jpg/125px-Feltwell_St_Nicholas_Church_-_geograph.org.uk_-_376393.jpg -> 200 (651ms)
2014-02-28 16:07:18,701 - sauce_connect:0 - INFO - GET http://bits.wikimedia.org/en.wikipedia.org/load.php?debug=false&lang=en&modules=jquery%2Cmediawiki%2CSpinner%7Cjquery.triggerQueueCallback%2CloadingSpinner%2CmwEmbedUtil%7Cmw.MwEmbedSupport&only=scripts&skin=vector&version=20140228T031821Z -> 200 (233ms)
2014-02-28 16:07:18,737 - sauce_connect:0 - INFO - GET http://bits.wikimedia.org/favicon/wikipedia.ico -> 200 (657ms)
2014-02-28 16:07:19,066 - sauce_connect:0 - INFO - GET http://bits.wikimedia.org/en.wikipedia.org/load.php?debug=false&lang=en&modules=ext.centralNotice.bannerController%7Cext.centralauth.centralautologin%7Cext.uls.init%2Cinterface%2Cpreferences%2Cwebfonts%7Cext.visualEditor.viewPageTarget.init%7Cjquery.byteLength%2Cclient%2Ccookie%2CdelayedBind%2Cjson%2CmwExtension%2Ctipsy%7Cmediawiki.Title%2CUri%2Capi%2Ccldr%2CjqueryMsg%2Clanguage%2Cnotify%2Ctoc%2Cuser%2Cutil%7Cmediawiki.language.data%2Cinit%7Cmediawiki.legacy.ajax%2Cwikibits%7Cmediawiki.libs.pluralruleparser%7Cmediawiki.page.startup%7Cskins.vector.js%7Cwikibase.client.init&skin=vector&version=20140228T105424Z&* -> 200 (201ms)
2014-02-28 16:07:19,098 - sauce_connect:0 - INFO - GET http://bits.wikimedia.org/en.wikipedia.org/load.php?debug=false&lang=en&modules=jquery%2Cmediawiki%2CSpinner%7Cjquery.triggerQueueCallback%2CloadingSpinner%2CmwEmbedUtil%7Cmw.MwEmbedSupport&only=scripts&skin=vector&version=20140228T031821Z -> 200 (1018ms)
2014-02-28 16:07:19,223 - sauce_connect:0 - INFO - GET http://login.wikimedia.org/wiki/Special:CentralAutoLogin/checkLoggedIn?type=script&wikiid=enwiki&proto=http -> 200 (42ms)
2014-02-28 16:07:19,296 - sauce_connect:0 - INFO - GET http://upload.wikimedia.org/wikipedia/en/f/f2/Wiktionary-logo-51px.png -> 200 (1215ms)
2014-02-28 16:07:19,404 - sauce_connect:0 - INFO - GET http://geoiplookup.wikimedia.org/ -> 200 (41ms)
2014-02-28 16:07:19,470 - sauce_connect:0 - INFO - GET http://upload.wikimedia.org/wikipedia/en/b/bc/Wiki.png -> 200 (83ms)
2014-02-28 16:07:19,480 - sauce_connect:0 - INFO - GET http://en.wikipedia.org/w/index.php?title=MediaWiki:Common.js/IEFixes.js&action=raw&ctype=text/javascript -> 200 (44ms)
2014-02-28 16:07:19,561 - sauce_connect:0 - INFO - GET http://bits.wikimedia.org/en.wikipedia.org/load.php?debug=false&lang=en&modules=ext.articleFeedbackv5.startup%7Cext.eventLogging%2CnavigationTiming%7Cext.gadget.DRN-wizard%2CReferenceTooltips%2Ccharinsert%2Cteahouse%7Cext.uls.eventlogger%2Cinterlanguage%7Cext.wikimediaShopLink.core%7Cjquery.articleFeedbackv5.utils%7Cjquery.autoEllipsis%2CcheckboxShiftClick%2Chidpi%2ChighlightText%2CmakeCollapsible%2Cmw-jump%2Cplaceholder%2Csuggestions%2CtabIndex%7Cmediawiki.action.view.postEdit%7Cmediawiki.hidpi%2CsearchSuggest%7Cmediawiki.page.ready%7Cmobile.desktop%7Cmw.MwEmbedSupport.style%7Cschema.NavigationTiming%2CUniversalLanguageSelector%7Cskins.vector.collapsibleNav&skin=vector&version=20140228T031821Z&* -> 200 (124ms)
2014-02-28 16:07:19,575 - sauce_connect:0 - INFO - GET http://meta.wikimedia.org/wiki/Special:BannerRandom?uselang=en&sitename=Wikipedia&project=wikipedia&anonymous=true&bucket=1&country=XX&device=desktop&slot=3 -> 200 (42ms)
2014-02-28 16:07:19,759 - sauce_connect:0 - INFO - GET http://upload.wikimedia.org/wikipedia/foundation/2/20/CloseWindow19x19.png -> 200 (41ms)
2014-02-28 16:07:19,786 - sauce_connect:0 - INFO - GET http://meta.wikimedia.org/wiki/Special:RecordImpression?banner=ChangeToU2014_v1_anononly&campaign=ToUAmendment&result=show&country=XX&uselang=en&project=wikipedia&db=enwiki&bucket=1&anonymous=true&device=desktop -> 200 (41ms)
2014-02-28 16:07:19,832 - sauce_connect:0 - INFO - GET http://upload.wikimedia.org/wikipedia/commons/thumb/1/12/Wikimedia_logo_text_RGB.svg/50px-Wikimedia_logo_text_RGB.svg.png -> 200 (42ms)
2014-02-28 16:07:19,834 - sauce_connect:0 - INFO - GET http://upload.wikimedia.org/wikipedia/commons/0/0d/Gray-gradient1.png -> 200 (43ms)
2014-02-28 16:07:19,898 - sauce_connect:0 - INFO - GET http://login.wikimedia.org/wiki/Special:CentralAutoLogin/checkLoggedIn?type=script&wikiid=enwiki&proto=http -> 200 (42ms)
2014-02-28 16:07:19,907 - sauce_connect:0 - INFO - GET http://geoiplookup.wikimedia.org/ -> 200 (43ms)
2014-02-28 16:07:19,948 - sauce_connect:0 - INFO - GET http://upload.wikimedia.org/wikipedia/en/b/bc/Wiki.png -> 200 (83ms)
2014-02-28 16:07:20,020 - sauce_connect:0 - INFO - GET http://bits.wikimedia.org/favicon/wikipedia.ico -> 200 (83ms)
2014-02-28 16:07:20,153 - sauce_connect:0 - INFO - GET http://meta.wikimedia.org/wiki/Special:BannerRandom?uselang=en&sitename=Wikipedia&project=wikipedia&anonymous=true&bucket=0&country=XX&device=desktop&slot=18 -> 200 (41ms)
2014-02-28 16:07:20,282 - sauce_connect:0 - INFO - GET http://meta.wikimedia.org/wiki/Special:RecordImpression?banner=ChangeToU2014_v1_anononly&campaign=ToUAmendment&result=show&country=XX&uselang=en&project=wikipedia&db=enwiki&bucket=0&anonymous=true&device=desktop -> 200 (42ms)
2014-02-28 16:07:20,282 - sauce_connect:0 - INFO - GET http://upload.wikimedia.org/wikipedia/foundation/2/20/CloseWindow19x19.png -> 200 (42ms)
2014-02-28 16:07:20,355 - sauce_connect:0 - INFO - GET http://upload.wikimedia.org/wikipedia/commons/0/0d/Gray-gradient1.png -> 200 (41ms)
2014-02-28 16:07:20,357 - sauce_connect:0 - INFO - GET http://upload.wikimedia.org/wikipedia/commons/thumb/1/12/Wikimedia_logo_text_RGB.svg/50px-Wikimedia_logo_text_RGB.svg.png -> 200 (42ms)
2014-02-28 16:07:21,553 - sauce_connect:0 - INFO - GET http://bits.wikimedia.org/en.wikipedia.org/load.php?debug=false&lang=en&modules=ext.uls.i18n%2Cime%2Clanguagenames%2Cmediawiki%2Cmessages%7Cjquery.i18n%2Cime%2Culs%7Cjquery.uls.data%2Cgrid&skin=vector&version=20140228T031820Z&* -> 200 (207ms)
2014-02-28 16:07:21,598 - sauce_connect:0 - INFO - GET http://en.wikipedia.org/w/api.php?action=opensearch&format=json&search=Ramen&namespace=0&suggest= -> 200 (43ms)
2014-02-28 16:07:21,622 - sauce_connect:0 - INFO - GET http://bits.wikimedia.org/en.wikipedia.org/load.php?debug=false&lang=en&modules=ext.uls.i18n%2Cime%2Clanguagenames%2Cmediawiki%2Cmessages%7Cjquery.i18n%2Cime%2Culs%7Cjquery.uls.data%2Cgrid&skin=vector&version=20140228T031820Z&* -> 200 (203ms)
2014-02-28 16:07:21,671 - sauce_connect:0 - INFO - GET http://en.wikipedia.org/w/api.php?action=opensearch&format=json&search=Ramen&namespace=0&suggest= -> 200 (41ms)
2014-02-28 16:07:22,450 - sauce_connect:0 - INFO - GET http://en.wikipedia.org/w/index.php?search=Ramen&title=Special%3ASearch&go=Go -> 302 (123ms)
2014-02-28 16:07:22,572 - sauce_connect:0 - INFO - GET http://en.wikipedia.org/w/index.php?search=Ramen&title=Special%3ASearch&go=Go -> 302 (171ms)
2014-02-28 16:07:22,614 - sauce_connect:0 - INFO - GET http://en.wikipedia.org/wiki/Ramen -> 200 (84ms)
2014-02-28 16:07:22,739 - sauce_connect:0 - INFO - GET http://en.wikipedia.org/wiki/Ramen -> 200 (83ms)
2014-02-28 16:07:22,772 - sauce_connect:0 - INFO - GET http://bits.wikimedia.org/en.wikipedia.org/load.php?debug=false&lang=en&modules=ext.gadget.DRN-wizard%2CReferenceTooltips%2Ccharinsert%2Cteahouse%7Cext.rtlcite%2Cwikihiero%7Cext.uls.nojs%7Cext.visualEditor.viewPageTarget.noscript%7Cmediawiki.legacy.commonPrint%2Cshared%7Cskins.common.interface%7Cskins.vector.styles&only=styles&skin=vector&* -> 200 (82ms)
2014-02-28 16:07:22,773 - sauce_connect:0 - INFO - GET http://upload.wikimedia.org/wikipedia/commons/thumb/d/df/Wikibooks-logo-en-noslogan.svg/20px-Wikibooks-logo-en-noslogan.svg.png -> 200 (42ms)
2014-02-28 16:07:22,773 - sauce_connect:0 - INFO - GET http://upload.wikimedia.org/wikipedia/commons/thumb/a/a8/Fresh_ramen_noodle_001.jpg/220px-Fresh_ramen_noodle_001.jpg -> 200 (44ms)
2014-02-28 16:07:22,775 - sauce_connect:0 - INFO - GET http://upload.wikimedia.org/wikipedia/en/thumb/4/4a/Commons-logo.svg/15px-Commons-logo.svg.png -> 200 (44ms)
2014-02-28 16:07:22,776 - sauce_connect:0 - INFO - GET http://upload.wikimedia.org/wikipedia/commons/thumb/a/a1/Japanese_Salt_flavor_Sapporo_Ramen.JPG/220px-Japanese_Salt_flavor_Sapporo_Ramen.JPG -> 200 (45ms)
2014-02-28 16:07:22,816 - sauce_connect:0 - INFO - GET http://upload.wikimedia.org/wikipedia/commons/thumb/9/95/Tonkotsu_ramen.JPG/220px-Tonkotsu_ramen.JPG -> 200 (87ms)
2014-02-28 16:07:22,818 - sauce_connect:0 - INFO - GET http://upload.wikimedia.org/wikipedia/en/thumb/9/99/Question_book-new.svg/50px-Question_book-new.svg.png -> 200 (86ms)
2014-02-28 16:07:22,819 - sauce_connect:0 - INFO - GET http://upload.wikimedia.org/wikipedia/commons/thumb/6/61/Tokyoramen.jpg/150px-Tokyoramen.jpg -> 200 (87ms)
2014-02-28 16:07:22,845 - sauce_connect:0 - INFO - GET http://upload.wikimedia.org/wikipedia/commons/thumb/d/d2/Kitakatara-men.jpg/150px-Kitakatara-men.jpg -> 200 (42ms)
2014-02-28 16:07:22,846 - sauce_connect:0 - INFO - GET http://upload.wikimedia.org/wikipedia/commons/thumb/6/65/Hakatara-men.jpg/150px-Hakatara-men.jpg -> 200 (42ms)
2014-02-28 16:07:22,857 - sauce_connect:0 - INFO - GET http://upload.wikimedia.org/wikipedia/commons/thumb/f/fc/Soy_ramen.jpg/250px-Soy_ramen.jpg -> 200 (126ms)
2014-02-28 16:07:22,861 - sauce_connect:0 - INFO - GET http://upload.wikimedia.org/wikipedia/commons/thumb/2/24/Misora-men2222222.jpg/220px-Misora-men2222222.jpg -> 200 (130ms)
2014-02-28 16:07:22,920 - sauce_connect:0 - INFO - GET http://bits.wikimedia.org/favicon/wikipedia.ico -> 200 (42ms)
2014-02-28 16:07:22,943 - sauce_connect:0 - INFO - GET http://upload.wikimedia.org/wikipedia/commons/thumb/b/bd/Tsukemen.jpg/150px-Tsukemen.jpg -> 200 (42ms)
2014-02-28 16:07:23,019 - sauce_connect:0 - INFO - GET http://upload.wikimedia.org/wikipedia/commons/thumb/a/a8/Fresh_ramen_noodle_001.jpg/220px-Fresh_ramen_noodle_001.jpg -> 200 (43ms)
2014-02-28 16:07:23,019 - sauce_connect:0 - INFO - GET http://upload.wikimedia.org/wikipedia/en/thumb/4/4a/Commons-logo.svg/15px-Commons-logo.svg.png -> 200 (44ms)
2014-02-28 16:07:23,019 - sauce_connect:0 - INFO - GET http://upload.wikimedia.org/wikipedia/commons/thumb/d/df/Wikibooks-logo-en-noslogan.svg/20px-Wikibooks-logo-en-noslogan.svg.png -> 200 (43ms)
2014-02-28 16:07:23,019 - sauce_connect:0 - INFO - GET http://upload.wikimedia.org/wikipedia/en/thumb/9/99/Question_book-new.svg/50px-Question_book-new.svg.png -> 200 (44ms)
2014-02-28 16:07:23,025 - sauce_connect:0 - INFO - GET http://upload.wikimedia.org/wikipedia/commons/thumb/7/76/Aburasoba.jpg/135px-Aburasoba.jpg -> 200 (42ms)
2014-02-28 16:07:23,062 - sauce_connect:0 - INFO - GET http://upload.wikimedia.org/wikipedia/en/thumb/4/4a/Commons-logo.svg/18px-Commons-logo.svg.png -> 200 (41ms)
2014-02-28 16:07:23,066 - sauce_connect:0 - INFO - GET http://upload.wikimedia.org/wikipedia/commons/thumb/6/65/Hakatara-men.jpg/150px-Hakatara-men.jpg -> 200 (83ms)
2014-02-28 16:07:23,071 - sauce_connect:0 - INFO - GET http://upload.wikimedia.org/wikipedia/commons/thumb/6/61/Tokyoramen.jpg/150px-Tokyoramen.jpg -> 200 (87ms)
2014-02-28 16:07:23,071 - sauce_connect:0 - INFO - GET http://upload.wikimedia.org/wikipedia/commons/thumb/b/bd/Tsukemen.jpg/150px-Tsukemen.jpg -> 200 (86ms)
2014-02-28 16:07:23,072 - sauce_connect:0 - INFO - GET http://upload.wikimedia.org/wikipedia/commons/thumb/a/a1/Japanese_Salt_flavor_Sapporo_Ramen.JPG/220px-Japanese_Salt_flavor_Sapporo_Ramen.JPG -> 200 (87ms)
2014-02-28 16:07:23,073 - sauce_connect:0 - INFO - GET http://upload.wikimedia.org/wikipedia/commons/thumb/6/62/Zaru_ramen_Paris.jpg/150px-Zaru_ramen_Paris.jpg -> 200 (86ms)
2014-02-28 16:07:23,072 - sauce_connect:0 - INFO - GET http://upload.wikimedia.org/wikipedia/commons/thumb/1/10/Hiyashira-men.jpg/150px-Hiyashira-men.jpg -> 200 (85ms)
2014-02-28 16:07:23,072 - sauce_connect:0 - INFO - GET http://upload.wikimedia.org/wikipedia/commons/thumb/d/d2/Kitakatara-men.jpg/150px-Kitakatara-men.jpg -> 200 (88ms)
2014-02-28 16:07:23,073 - sauce_connect:0 - INFO - GET http://upload.wikimedia.org/wikipedia/commons/thumb/7/76/Aburasoba.jpg/135px-Aburasoba.jpg -> 200 (86ms)
2014-02-28 16:07:23,075 - sauce_connect:0 - INFO - GET http://upload.wikimedia.org/wikipedia/commons/thumb/3/38/Butter_Corn_Ramen.JPG/150px-Butter_Corn_Ramen.JPG -> 200 (88ms)
2014-02-28 16:07:23,075 - sauce_connect:0 - INFO - GET http://upload.wikimedia.org/wikipedia/commons/thumb/6/67/Takayama_ramen.jpg/150px-Takayama_ramen.jpg -> 200 (88ms)
2014-02-28 16:07:23,075 - sauce_connect:0 - INFO - GET http://upload.wikimedia.org/wikipedia/commons/thumb/1/10/Hiyashira-men.jpg/150px-Hiyashira-men.jpg -> 200 (88ms)
2014-02-28 16:07:23,076 - sauce_connect:0 - INFO - GET http://upload.wikimedia.org/wikipedia/commons/thumb/f/ff/Wikidata-logo.svg/25px-Wikidata-logo.svg.png -> 200 (87ms)
2014-02-28 16:07:23,078 - sauce_connect:0 - INFO - GET http://upload.wikimedia.org/wikipedia/commons/thumb/b/b3/High_school_students_eating_Ramen.JPG/220px-High_school_students_eating_Ramen.JPG -> 200 (90ms)
2014-02-28 16:07:23,081 - sauce_connect:0 - INFO - GET http://upload.wikimedia.org/wikipedia/commons/thumb/5/58/YakyudoriRamen.jpeg/220px-YakyudoriRamen.jpeg -> 200 (91ms)
2014-02-28 16:07:23,082 - sauce_connect:0 - INFO - GET http://upload.wikimedia.org/wikipedia/commons/thumb/d/d6/Foodlogo2.svg/32px-Foodlogo2.svg.png -> 200 (92ms)
2014-02-28 16:07:23,078 - sauce_connect:0 - INFO - GET http://upload.wikimedia.org/wikipedia/commons/thumb/6/67/Takayama_ramen.jpg/150px-Takayama_ramen.jpg -> 200 (91ms)
2014-02-28 16:07:23,081 - sauce_connect:0 - INFO - GET http://upload.wikimedia.org/wikipedia/commons/thumb/6/62/Zaru_ramen_Paris.jpg/150px-Zaru_ramen_Paris.jpg -> 200 (92ms)
2014-02-28 16:07:23,081 - sauce_connect:0 - INFO - GET http://upload.wikimedia.org/wikipedia/commons/thumb/f/fa/Wikibooks-logo.svg/25px-Wikibooks-logo.svg.png -> 200 (91ms)
2014-02-28 16:07:23,082 - sauce_connect:0 - INFO - GET http://upload.wikimedia.org/wikipedia/commons/thumb/3/38/Butter_Corn_Ramen.JPG/150px-Butter_Corn_Ramen.JPG -> 200 (94ms)
2014-02-28 16:07:23,082 - sauce_connect:0 - INFO - GET http://upload.wikimedia.org/wikipedia/commons/thumb/2/25/Sapporo_miso_ramen.jpg/150px-Sapporo_miso_ramen.jpg -> 200 (42ms)
2014-02-28 16:07:23,082 - sauce_connect:0 - INFO - GET http://upload.wikimedia.org/wikipedia/commons/thumb/f/f8/Wiktionary-logo-en.svg/23px-Wiktionary-logo-en.svg.png -> 200 (93ms)
2014-02-28 16:07:23,084 - sauce_connect:0 - INFO - GET http://upload.wikimedia.org/wikipedia/commons/thumb/b/b3/High_school_students_eating_Ramen.JPG/220px-High_school_students_eating_Ramen.JPG -> 200 (43ms)
2014-02-28 16:07:23,094 - sauce_connect:0 - INFO - GET http://upload.wikimedia.org/wikipedia/commons/thumb/5/58/YakyudoriRamen.jpeg/220px-YakyudoriRamen.jpeg -> 200 (43ms)
2014-02-28 16:07:23,104 - sauce_connect:0 - INFO - GET http://upload.wikimedia.org/wikipedia/commons/thumb/f/fc/Soy_ramen.jpg/250px-Soy_ramen.jpg -> 200 (122ms)
2014-02-28 16:07:23,115 - sauce_connect:0 - INFO - GET http://upload.wikimedia.org/wikipedia/commons/thumb/2/24/Misora-men2222222.jpg/220px-Misora-men2222222.jpg -> 200 (131ms)
2014-02-28 16:07:23,115 - sauce_connect:0 - INFO - GET http://upload.wikimedia.org/wikipedia/commons/thumb/9/95/Tonkotsu_ramen.JPG/220px-Tonkotsu_ramen.JPG -> 200 (131ms)
2014-02-28 16:07:23,148 - sauce_connect:0 - INFO - GET http://upload.wikimedia.org/wikipedia/commons/thumb/d/d6/Foodlogo2.svg/32px-Foodlogo2.svg.png -> 200 (44ms)
2014-02-28 16:07:23,161 - sauce_connect:0 - INFO - GET http://upload.wikimedia.org/wikipedia/commons/thumb/6/68/Ramen_Noodles_by_David_Shankbone.jpg/220px-Ramen_Noodles_by_David_Shankbone.jpg -> 200 (172ms)
2014-02-28 16:07:23,167 - sauce_connect:0 - INFO - GET http://upload.wikimedia.org/wikipedia/commons/thumb/f/f8/Wiktionary-logo-en.svg/23px-Wiktionary-logo-en.svg.png -> 200 (42ms)
2014-02-28 16:07:23,167 - sauce_connect:0 - INFO - GET http://upload.wikimedia.org/wikipedia/en/thumb/4/4a/Commons-logo.svg/18px-Commons-logo.svg.png -> 200 (41ms)
2014-02-28 16:07:23,188 - sauce_connect:0 - INFO - GET http://upload.wikimedia.org/wikipedia/commons/thumb/6/68/Ramen_Noodles_by_David_Shankbone.jpg/220px-Ramen_Noodles_by_David_Shankbone.jpg -> 200 (85ms)
2014-02-28 16:07:23,242 - sauce_connect:0 - INFO - GET http://upload.wikimedia.org/wikipedia/commons/thumb/f/fa/Wikibooks-logo.svg/25px-Wikibooks-logo.svg.png -> 200 (41ms)
2014-02-28 16:07:23,288 - sauce_connect:0 - INFO - GET http://upload.wikimedia.org/wikipedia/commons/thumb/2/25/Sapporo_miso_ramen.jpg/150px-Sapporo_miso_ramen.jpg -> 200 (299ms)
2014-02-28 16:07:23,378 - sauce_connect:0 - INFO - GET http://upload.wikimedia.org/wikipedia/commons/thumb/f/ff/Wikidata-logo.svg/25px-Wikidata-logo.svg.png -> 200 (42ms)
2014-02-28 16:07:23,408 - sauce_connect:0 - INFO - GET http://bits.wikimedia.org/images/wikimedia-button.png -> 200 (41ms)
2014-02-28 16:07:23,410 - sauce_connect:0 - INFO - GET http://meta.wikimedia.org/wiki/Special:BannerRandom?uselang=en&sitename=Wikipedia&project=wikipedia&anonymous=true&bucket=1&country=XX&device=desktop&slot=17 -> 200 (41ms)
2014-02-28 16:07:23,454 - sauce_connect:0 - INFO - GET http://upload.wikimedia.org/wikipedia/en/b/bc/Wiki.png -> 200 (43ms)
2014-02-28 16:07:23,568 - sauce_connect:0 - INFO - GET http://en.wikipedia.org/wiki/Main_Page -> 200 (83ms)
2014-02-28 16:07:23,601 - sauce_connect:0 - INFO - GET http://bits.wikimedia.org/en.wikipedia.org/load.php?debug=false&lang=en&modules=ext.cite&skin=vector&version=20140228T031820Z&* -> 200 (42ms)
2014-02-28 16:07:23,602 - sauce_connect:0 - INFO - GET http://en.wikipedia.org/w/index.php?title=MediaWiki:Common.js/IEFixes.js&action=raw&ctype=text/javascript -> 200 (43ms)
2014-02-28 16:07:23,674 - sauce_connect:0 - INFO - GET http://upload.wikimedia.org/wikipedia/commons/d/d4/Monobook-bullet-star.png -> 200 (41ms)
2014-02-28 16:07:23,701 - sauce_connect:0 - INFO - GET http://upload.wikimedia.org/wikipedia/foundation/2/20/CloseWindow19x19.png -> 200 (41ms)
2014-02-28 16:07:23,701 - sauce_connect:0 - INFO - GET http://meta.wikimedia.org/wiki/Special:RecordImpression?banner=ChangeToU2014_v1_anononly&campaign=ToUAmendment&result=show&country=XX&uselang=en&project=wikipedia&db=enwiki&bucket=1&anonymous=true&device=desktop -> 200 (41ms)
2014-02-28 16:07:23,723 - sauce_connect:0 - INFO - GET http://upload.wikimedia.org/wikipedia/en/b/bc/Wiki.png -> 200 (43ms)
2014-02-28 16:07:23,723 - sauce_connect:0 - INFO - GET http://bits.wikimedia.org/images/wikimedia-button.png -> 200 (43ms)
2014-02-28 16:07:23,730 - sauce_connect:0 - INFO - GET http://upload.wikimedia.org/wikipedia/commons/0/0d/Gray-gradient1.png -> 200 (42ms)
2014-02-28 16:07:23,733 - sauce_connect:0 - INFO - GET http://upload.wikimedia.org/wikipedia/commons/thumb/1/12/Wikimedia_logo_text_RGB.svg/50px-Wikimedia_logo_text_RGB.svg.png -> 200 (41ms)
2014-02-28 16:07:23,733 - sauce_connect:0 - INFO - GET http://upload.wikimedia.org/wikipedia/commons/d/d4/Monobook-bullet-star.png -> 200 (42ms)
2014-02-28 16:07:23,750 - sauce_connect:0 - INFO - GET http://meta.wikimedia.org/wiki/Special:BannerRandom?uselang=en&sitename=Wikipedia&project=wikipedia&anonymous=true&bucket=0&country=XX&device=desktop&slot=16 -> 200 (41ms)
2014-02-28 16:07:23,760 - sauce_connect:0 - INFO - GET http://bits.wikimedia.org/favicon/wikipedia.ico -> 200 (81ms)
2014-02-28 16:07:23,822 - sauce_connect:0 - INFO - GET http://bits.wikimedia.org/geoiplookup -> 200 (40ms)
2014-02-28 16:07:23,854 - sauce_connect:0 - INFO - GET http://bits.wikimedia.org/en.wikipedia.org/load.php?debug=false&lang=en&modules=ext.articleFeedbackv5.startup%7Cext.cite%2CeventLogging%2CnavigationTiming%7Cext.gadget.DRN-wizard%2CReferenceTooltips%2Ccharinsert%2Cteahouse%7Cext.uls.eventlogger%2Cinterlanguage%7Cext.wikimediaShopLink.core%7Cjquery.articleFeedbackv5.utils%7Cjquery.autoEllipsis%2CcheckboxShiftClick%2Chidpi%2ChighlightText%2CmakeCollapsible%2Cmw-jump%2Cplaceholder%2Csuggestions%2CtabIndex%7Cmediawiki.action.view.postEdit%7Cmediawiki.hidpi%2CsearchSuggest%7Cmediawiki.page.ready%7Cmobile.desktop%7Cmw.MwEmbedSupport.style%7Cschema.NavigationTiming%2CUniversalLanguageSelector%7Cskins.vector.collapsibleNav&skin=vector&version=20140228T031821Z&* -> 200 (166ms)
2014-02-28 16:07:23,898 - sauce_connect:0 - INFO - GET http://upload.wikimedia.org/wikipedia/foundation/2/20/CloseWindow19x19.png -> 200 (42ms)
2014-02-28 16:07:23,898 - sauce_connect:0 - INFO - GET http://meta.wikimedia.org/wiki/Special:RecordImpression?banner=ChangeToU2014_v1_anononly&campaign=ToUAmendment&result=show&country=XX&uselang=en&project=wikipedia&db=enwiki&bucket=0&anonymous=true&device=desktop -> 200 (42ms)
2014-02-28 16:07:23,953 - sauce_connect:0 - INFO - GET http://upload.wikimedia.org/wikipedia/commons/0/0d/Gray-gradient1.png -> 200 (42ms)
2014-02-28 16:07:23,953 - sauce_connect:0 - INFO - GET http://login.wikimedia.org/wiki/Special:CentralAutoLogin/checkLoggedIn?type=script&wikiid=enwiki&proto=http -> 200 (42ms)
2014-02-28 16:07:23,970 - sauce_connect:0 - INFO - GET http://upload.wikimedia.org/wikipedia/commons/thumb/1/12/Wikimedia_logo_text_RGB.svg/50px-Wikimedia_logo_text_RGB.svg.png -> 200 (41ms)
2014-02-28 16:07:24,335 - sauce_connect:0 - INFO - GET http://bits.wikimedia.org/static-1.23wmf15/skins/vector/images/user-icon.svg?2014-02-20T16:50:00Z -> 200 (42ms)
2014-02-28 16:07:24,335 - sauce_connect:0 - INFO - GET http://bits.wikimedia.org/images/wikimedia-button.png -> 200 (43ms)
2014-02-28 16:07:24,335 - sauce_connect:0 - INFO - GET http://upload.wikimedia.org/wikipedia/commons/thumb/0/0a/Starfish%2C_Mauritius.jpg/133px-Starfish%2C_Mauritius.jpg -> 200 (43ms)
2014-02-28 16:07:24,336 - sauce_connect:0 - INFO - GET http://bits.wikimedia.org/static-1.23wmf15/skins/vector/images/search-ltr.svg?2014-02-20T16:50:00Z -> 200 (44ms)
2014-02-28 16:07:24,378 - sauce_connect:0 - INFO - GET http://bits.wikimedia.org/static-1.23wmf15/skins/vector/images/arrow-down-icon.svg?2014-02-20T16:50:00Z -> 200 (86ms)
2014-02-28 16:07:24,407 - sauce_connect:0 - INFO - GET http://upload.wikimedia.org/wikipedia/commons/thumb/a/a7/Griffitts-house-greenback-tn1-cropped.jpg/100px-Griffitts-house-greenback-tn1-cropped.jpg -> 200 (41ms)
2014-02-28 16:07:24,482 - sauce_connect:0 - INFO - GET http://upload.wikimedia.org/wikipedia/en/thumb/d/d3/Oleksandr_Turchynov_2012_local.jpg/76px-Oleksandr_Turchynov_2012_local.jpg -> 200 (41ms)
2014-02-28 16:07:24,536 - sauce_connect:0 - INFO - GET http://upload.wikimedia.org/wikipedia/commons/thumb/e/e6/Sir_CV_Raman.JPG/71px-Sir_CV_Raman.JPG -> 200 (41ms)
2014-02-28 16:07:24,536 - sauce_connect:0 - INFO - GET http://upload.wikimedia.org/wikipedia/commons/thumb/e/e9/Feltwell_St_Nicholas_Church_-_geograph.org.uk_-_376393.jpg/125px-Feltwell_St_Nicholas_Church_-_geograph.org.uk_-_376393.jpg -> 200 (41ms)
2014-02-28 16:07:24,555 - sauce_connect:0 - INFO - GET http://geoiplookup.wikimedia.org/ -> 200 (41ms)
2014-02-28 16:07:24,598 - sauce_connect:0 - INFO - GET http://upload.wikimedia.org/wikipedia/commons/thumb/3/38/Wes_Brady%2C_ex-slave%2C_Marshall_edited.jpg/280px-Wes_Brady%2C_ex-slave%2C_Marshall_edited.jpg -> 200 (83ms)
2014-02-28 16:07:24,861 - sauce_connect:0 - INFO - GET http://upload.wikimedia.org/wikipedia/commons/thumb/3/3d/Mediawiki-logo.png/35px-Mediawiki-logo.png -> 200 (42ms)
2014-02-28 16:07:24,861 - sauce_connect:0 - INFO - GET http://upload.wikimedia.org/wikipedia/en/9/9d/Commons-logo-31px.png -> 200 (43ms)
2014-02-28 16:07:24,862 - sauce_connect:0 - INFO - GET http://bits.wikimedia.org/static-1.23wmf15/skins/vector/images/arrow-expanded.svg?2014-02-20T16:50:00Z -> 200 (44ms)
2014-02-28 16:07:24,862 - sauce_connect:0 - INFO - GET http://bits.wikimedia.org/static-1.23wmf15/skins/vector/images/arrow-collapsed-ltr.svg?2014-02-20T16:50:00Z -> 200 (44ms)
2014-02-28 16:07:24,934 - sauce_connect:0 - INFO - GET http://upload.wikimedia.org/wikipedia/en/b/bc/Meta-logo-35px.png -> 200 (41ms)
2014-02-28 16:07:24,934 - sauce_connect:0 - INFO - GET http://upload.wikimedia.org/wikipedia/en/7/7f/Wikibooks-logo-35px.png -> 200 (41ms)
2014-02-28 16:07:24,986 - sauce_connect:0 - INFO - GET http://meta.wikimedia.org/wiki/Special:BannerRandom?uselang=en&sitename=Wikipedia&project=wikipedia&anonymous=true&bucket=1&country=XX&device=desktop&slot=20 -> 200 (41ms)
2014-02-28 16:07:25,009 - sauce_connect:0 - INFO - GET http://upload.wikimedia.org/wikipedia/en/6/60/Wikinews-logo-51px.png -> 200 (42ms)
2014-02-28 16:07:25,009 - sauce_connect:0 - INFO - GET http://upload.wikimedia.org/wikipedia/commons/thumb/f/ff/Wikidata-logo.svg/47px-Wikidata-logo.svg.png -> 200 (42ms)
2014-02-28 16:07:25,059 - sauce_connect:0 - INFO - GET http://upload.wikimedia.org/wikipedia/en/b/b6/Wikisource-logo-35px.png -> 200 (41ms)
2014-02-28 16:07:25,059 - sauce_connect:0 - INFO - GET http://upload.wikimedia.org/wikipedia/en/4/46/Wikiquote-logo-51px.png -> 200 (41ms)
2014-02-28 16:07:25,082 - sauce_connect:0 - INFO - GET http://upload.wikimedia.org/wikipedia/en/b/bf/Wikispecies-logo-35px.png -> 200 (41ms)
2014-02-28 16:07:25,155 - sauce_connect:0 - INFO - GET http://meta.wikimedia.org/wiki/Special:RecordImpression?banner=ChangeToU2014_v1_anononly&campaign=ToUAmendment&result=show&country=XX&uselang=en&project=wikipedia&db=enwiki&bucket=1&anonymous=true&device=desktop -> 200 (40ms)
2014-02-28 16:07:25,155 - sauce_connect:0 - INFO - GET http://upload.wikimedia.org/wikipedia/en/e/e3/Wikiversity-logo-41px.png -> 200 (41ms)
2014-02-28 16:07:25,190 - sauce_connect:0 - INFO - GET http://upload.wikimedia.org/wikipedia/en/f/f2/Wiktionary-logo-51px.png -> 200 (42ms)
2014-02-28 16:07:25,190 - sauce_connect:0 - INFO - GET http://upload.wikimedia.org/wikipedia/en/thumb/d/dd/Wikivoyage-Logo-v3-icon.svg/35px-Wikivoyage-Logo-v3-icon.svg.png -> 200 (42ms)
2014-02-28 16:07:25,230 - sauce_connect:0 - INFO - GET http://upload.wikimedia.org/wikipedia/foundation/2/20/CloseWindow19x19.png -> 200 (42ms)
2014-02-28 16:07:25,269 - sauce_connect:0 - INFO - GET http://upload.wikimedia.org/wikipedia/en/b/bc/Wiki.png -> 200 (82ms)
2014-02-28 16:07:25,303 - sauce_connect:0 - INFO - GET http://upload.wikimedia.org/wikipedia/commons/thumb/1/12/Wikimedia_logo_text_RGB.svg/50px-Wikimedia_logo_text_RGB.svg.png -> 200 (41ms)
2014-02-28 16:07:25,303 - sauce_connect:0 - INFO - GET http://upload.wikimedia.org/wikipedia/commons/0/0d/Gray-gradient1.png -> 200 (42ms)
2014-02-28 16:07:25,509 - sauce_connect:0 - INFO - GET http://bits.wikimedia.org/favicon/wikipedia.ico -> 200 (82ms)
2014-02-28 16:07:27,112 - sauce_connect:0 - INFO - GET http://en.wikipedia.org/w/index.php?search=Ramen&title=Special%3ASearch&go=Go -> 302 (123ms)
2014-02-28 16:07:27,346 - sauce_connect:0 - INFO - GET http://en.wikipedia.org/wiki/Ramen -> 200 (84ms)
2014-02-28 16:07:28,420 - sauce_connect:0 - INFO - GET http://upload.wikimedia.org/wikipedia/en/thumb/9/99/Question_book-new.svg/50px-Question_book-new.svg.png -> 200 (42ms)
2014-02-28 16:07:28,493 - sauce_connect:0 - INFO - GET http://upload.wikimedia.org/wikipedia/commons/thumb/d/df/Wikibooks-logo-en-noslogan.svg/20px-Wikibooks-logo-en-noslogan.svg.png -> 200 (41ms)
2014-02-28 16:07:28,494 - sauce_connect:0 - INFO - GET http://upload.wikimedia.org/wikipedia/en/thumb/4/4a/Commons-logo.svg/15px-Commons-logo.svg.png -> 200 (41ms)
2014-02-28 16:07:28,497 - sauce_connect:0 - INFO - GET http://bits.wikimedia.org/static-1.23wmf15/skins/vector/images/external-link-ltr-icon.svg?2014-02-20T16:50:00Z -> 200 (45ms)
2014-02-28 16:07:28,497 - sauce_connect:0 - INFO - GET http://upload.wikimedia.org/wikipedia/commons/thumb/a/a8/Fresh_ramen_noodle_001.jpg/220px-Fresh_ramen_noodle_001.jpg -> 200 (45ms)
2014-02-28 16:07:28,538 - sauce_connect:0 - INFO - GET http://upload.wikimedia.org/wikipedia/commons/thumb/f/fc/Soy_ramen.jpg/250px-Soy_ramen.jpg -> 200 (84ms)
2014-02-28 16:07:28,572 - sauce_connect:0 - INFO - GET http://upload.wikimedia.org/wikipedia/commons/thumb/9/95/Tonkotsu_ramen.JPG/220px-Tonkotsu_ramen.JPG -> 200 (45ms)
2014-02-28 16:07:28,644 - sauce_connect:0 - INFO - GET http://meta.wikimedia.org/wiki/Special:BannerRandom?uselang=en&sitename=Wikipedia&project=wikipedia&anonymous=true&bucket=1&country=XX&device=desktop&slot=3 -> 200 (41ms)
2014-02-28 16:07:28,644 - sauce_connect:0 - INFO - GET http://bits.wikimedia.org/images/wikimedia-button.png -> 200 (42ms)
2014-02-28 16:07:28,770 - sauce_connect:0 - INFO - GET http://upload.wikimedia.org/wikipedia/commons/thumb/a/a1/Japanese_Salt_flavor_Sapporo_Ramen.JPG/220px-Japanese_Salt_flavor_Sapporo_Ramen.JPG -> 200 (45ms)
2014-02-28 16:07:28,776 - sauce_connect:0 - INFO - GET http://upload.wikimedia.org/wikipedia/commons/thumb/6/61/Tokyoramen.jpg/150px-Tokyoramen.jpg -> 200 (42ms)
2014-02-28 16:07:28,776 - sauce_connect:0 - INFO - GET http://upload.wikimedia.org/wikipedia/commons/thumb/d/d2/Kitakatara-men.jpg/150px-Kitakatara-men.jpg -> 200 (42ms)
2014-02-28 16:07:28,808 - sauce_connect:0 - INFO - GET http://upload.wikimedia.org/wikipedia/commons/thumb/2/24/Misora-men2222222.jpg/220px-Misora-men2222222.jpg -> 200 (82ms)
2014-02-28 16:07:28,816 - sauce_connect:0 - INFO - GET http://upload.wikimedia.org/wikipedia/commons/thumb/6/65/Hakatara-men.jpg/150px-Hakatara-men.jpg -> 200 (83ms)
2014-02-28 16:07:28,832 - sauce_connect:0 - INFO - GET http://upload.wikimedia.org/wikipedia/commons/thumb/b/bd/Tsukemen.jpg/150px-Tsukemen.jpg -> 200 (82ms)
2014-02-28 16:07:28,892 - sauce_connect:0 - INFO - GET http://meta.wikimedia.org/wiki/Special:RecordImpression?banner=ChangeToU2014_v1_anononly&campaign=ToUAmendment&result=show&country=XX&uselang=en&project=wikipedia&db=enwiki&bucket=1&anonymous=true&device=desktop -> 200 (41ms)
2014-02-28 16:07:28,970 - sauce_connect:0 - INFO - GET http://upload.wikimedia.org/wikipedia/commons/thumb/7/76/Aburasoba.jpg/135px-Aburasoba.jpg -> 200 (43ms)
2014-02-28 16:07:29,042 - sauce_connect:0 - INFO - GET http://upload.wikimedia.org/wikipedia/commons/thumb/3/38/Butter_Corn_Ramen.JPG/150px-Butter_Corn_Ramen.JPG -> 200 (41ms)
2014-02-28 16:07:29,042 - sauce_connect:0 - INFO - GET http://upload.wikimedia.org/wikipedia/commons/thumb/6/62/Zaru_ramen_Paris.jpg/150px-Zaru_ramen_Paris.jpg -> 200 (42ms)
2014-02-28 16:07:29,043 - sauce_connect:0 - INFO - GET http://upload.wikimedia.org/wikipedia/commons/thumb/1/10/Hiyashira-men.jpg/150px-Hiyashira-men.jpg -> 200 (43ms)
2014-02-28 16:07:29,045 - sauce_connect:0 - INFO - GET http://upload.wikimedia.org/wikipedia/commons/thumb/2/25/Sapporo_miso_ramen.jpg/150px-Sapporo_miso_ramen.jpg -> 200 (44ms)
2014-02-28 16:07:29,046 - sauce_connect:0 - INFO - GET http://upload.wikimedia.org/wikipedia/commons/thumb/6/67/Takayama_ramen.jpg/150px-Takayama_ramen.jpg -> 200 (45ms)
2014-02-28 16:07:29,117 - sauce_connect:0 - INFO - GET http://upload.wikimedia.org/wikipedia/commons/thumb/b/b3/High_school_students_eating_Ramen.JPG/220px-High_school_students_eating_Ramen.JPG -> 200 (42ms)
2014-02-28 16:07:29,190 - sauce_connect:0 - INFO - GET http://upload.wikimedia.org/wikipedia/commons/thumb/f/f8/Wiktionary-logo-en.svg/23px-Wiktionary-logo-en.svg.png -> 200 (42ms)
2014-02-28 16:07:29,190 - sauce_connect:0 - INFO - GET http://upload.wikimedia.org/wikipedia/commons/thumb/5/58/YakyudoriRamen.jpeg/220px-YakyudoriRamen.jpeg -> 200 (43ms)
2014-02-28 16:07:29,193 - sauce_connect:0 - INFO - GET http://upload.wikimedia.org/wikipedia/commons/thumb/d/d6/Foodlogo2.svg/32px-Foodlogo2.svg.png -> 200 (45ms)
2014-02-28 16:07:29,234 - sauce_connect:0 - INFO - GET http://upload.wikimedia.org/wikipedia/commons/thumb/6/68/Ramen_Noodles_by_David_Shankbone.jpg/220px-Ramen_Noodles_by_David_Shankbone.jpg -> 200 (87ms)
2014-02-28 16:07:29,263 - sauce_connect:0 - INFO - GET http://upload.wikimedia.org/wikipedia/en/thumb/4/4a/Commons-logo.svg/18px-Commons-logo.svg.png -> 200 (41ms)
2014-02-28 16:07:29,322 - sauce_connect:0 - INFO - GET http://upload.wikimedia.org/wikipedia/commons/thumb/f/fa/Wikibooks-logo.svg/25px-Wikibooks-logo.svg.png -> 200 (41ms)
2014-02-28 16:07:29,322 - sauce_connect:0 - INFO - GET http://upload.wikimedia.org/wikipedia/commons/thumb/f/ff/Wikidata-logo.svg/25px-Wikidata-logo.svg.png -> 200 (41ms)
2014-02-28 16:07:29,378 - sauce_connect:0 - INFO - GET http://upload.wikimedia.org/wikipedia/en/b/bc/Wiki.png -> 200 (82ms)
2014-02-28 16:07:29,397 - sauce_connect:0 - INFO - GET http://upload.wikimedia.org/wikipedia/commons/d/d4/Monobook-bullet-star.png -> 200 (41ms)
2014-02-28 16:07:29,411 - sauce_connect:0 - INFO - GET http://upload.wikimedia.org/wikipedia/commons/0/0d/Gray-gradient1.png -> 200 (42ms)
2014-02-28 16:07:29,411 - sauce_connect:0 - INFO - GET http://upload.wikimedia.org/wikipedia/foundation/2/20/CloseWindow19x19.png -> 200 (42ms)
2014-02-28 16:07:29,486 - sauce_connect:0 - INFO - GET http://upload.wikimedia.org/wikipedia/commons/thumb/1/12/Wikimedia_logo_text_RGB.svg/50px-Wikimedia_logo_text_RGB.svg.png -> 200 (42ms)
2014-02-28 16:07:35,002 - sauce_connect:0 - INFO - received SIGINT
